<?xml version="1.0" encoding="UTF-8"?>
<coverage generated="1739274601388" clover="3.2.0">
  <project timestamp="1739274601388" name="All files">
    <metrics statements="230" coveredstatements="227" conditionals="50" coveredconditionals="46" methods="26" coveredmethods="24" elements="306" coveredelements="297" complexity="0" loc="230" ncloc="230" packages="2" files="2" classes="2"/>
    <package name="src">
      <metrics statements="9" coveredstatements="9" conditionals="1" coveredconditionals="1" methods="1" coveredmethods="1"/>
      <file name="App.tsx" path="C:\Users\yasir\OneDrive\Desktop\react-calculator\src\App.tsx">
        <metrics statements="9" coveredstatements="9" conditionals="1" coveredconditionals="1" methods="1" coveredmethods="1"/>
        <line num="1" count="1" type="stmt"/>
        <line num="2" count="1" type="stmt"/>
        <line num="4" count="1" type="cond" truecount="1" falsecount="0"/>
        <line num="5" count="1" type="stmt"/>
        <line num="6" count="1" type="stmt"/>
        <line num="7" count="1" type="stmt"/>
        <line num="8" count="1" type="stmt"/>
        <line num="10" count="1" type="stmt"/>
        <line num="12" count="1" type="stmt"/>
      </file>
    </package>
    <package name="src.components">
      <metrics statements="221" coveredstatements="218" conditionals="49" coveredconditionals="45" methods="25" coveredmethods="23"/>
      <file name="Calculator.tsx" path="C:\Users\yasir\OneDrive\Desktop\react-calculator\src\components\Calculator.tsx">
        <metrics statements="221" coveredstatements="218" conditionals="49" coveredconditionals="45" methods="25" coveredmethods="23"/>
        <line num="2" count="1" type="stmt"/>
        <line num="4" count="1" type="stmt"/>
        <line num="6" count="1" type="stmt"/>
        <line num="7" count="1" type="stmt"/>
        <line num="9" count="47" type="cond" truecount="1" falsecount="0"/>
        <line num="10" count="47" type="stmt"/>
        <line num="11" count="47" type="stmt"/>
        <line num="12" count="47" type="stmt"/>
        <line num="14" count="47" type="cond" truecount="1" falsecount="0"/>
        <line num="15" count="22" type="cond" truecount="0" falsecount="1"/>
        <line num="16" count="22" type="cond" truecount="1" falsecount="0"/>
        <line num="17" count="16" type="cond" truecount="1" falsecount="0"/>
        <line num="18" count="1" type="stmt"/>
        <line num="19" count="16" type="cond" truecount="1" falsecount="0"/>
        <line num="20" count="15" type="stmt"/>
        <line num="21" count="15" type="stmt"/>
        <line num="22" count="16" type="stmt"/>
        <line num="23" count="22" type="cond" truecount="1" falsecount="0"/>
        <line num="24" count="6" type="cond" truecount="1" falsecount="0"/>
        <line num="25" count="1" type="cond" truecount="0" falsecount="1"/>
        <line num="26" count="1" type="stmt"/>
        <line num="27" count="6" type="cond" truecount="2" falsecount="0"/>
        <line num="28" count="1" type="stmt"/>
        <line num="29" count="5" type="cond" truecount="1" falsecount="0"/>
        <line num="30" count="4" type="stmt"/>
        <line num="31" count="4" type="stmt"/>
        <line num="32" count="6" type="stmt"/>
        <line num="33" count="22" type="stmt"/>
        <line num="35" count="47" type="cond" truecount="1" falsecount="0"/>
        <line num="36" count="6" type="stmt"/>
        <line num="37" count="6" type="stmt"/>
        <line num="40" count="6" type="stmt"/>
        <line num="41" count="6" type="cond" truecount="1" falsecount="0"/>
        <line num="42" count="2" type="stmt"/>
        <line num="43" count="6" type="stmt"/>
        <line num="44" count="6" type="stmt"/>
        <line num="45" count="6" type="stmt"/>
        <line num="48" count="6" type="stmt"/>
        <line num="49" count="6" type="stmt"/>
        <line num="50" count="6" type="stmt"/>
        <line num="51" count="6" type="cond" truecount="0" falsecount="1"/>
        <line num="52" count="0" type="stmt"/>
        <line num="53" count="6" type="stmt"/>
        <line num="54" count="6" type="stmt"/>
        <line num="55" count="6" type="stmt"/>
        <line num="57" count="6" type="stmt"/>
        <line num="58" count="6" type="stmt"/>
        <line num="59" count="6" type="stmt"/>
        <line num="61" count="47" type="cond" truecount="1" falsecount="0"/>
        <line num="62" count="4" type="stmt"/>
        <line num="63" count="4" type="stmt"/>
        <line num="65" count="4" type="cond" truecount="1" falsecount="0"/>
        <line num="66" count="16" type="cond" truecount="1" falsecount="0"/>
        <line num="67" count="10" type="stmt"/>
        <line num="68" count="16" type="cond" truecount="1" falsecount="0"/>
        <line num="69" count="6" type="stmt"/>
        <line num="70" count="6" type="cond" truecount="1" falsecount="0"/>
        <line num="71" count="2" type="stmt"/>
        <line num="72" count="6" type="cond" truecount="1" falsecount="0"/>
        <line num="73" count="1" type="stmt"/>
        <line num="74" count="1" type="stmt"/>
        <line num="75" count="6" type="stmt"/>
        <line num="76" count="6" type="stmt"/>
        <line num="77" count="4" type="stmt"/>
        <line num="79" count="4" type="cond" truecount="1" falsecount="0"/>
        <line num="80" count="5" type="stmt"/>
        <line num="81" count="5" type="stmt"/>
        <line num="83" count="4" type="stmt"/>
        <line num="84" count="4" type="stmt"/>
        <line num="86" count="47" type="cond" truecount="1" falsecount="0"/>
        <line num="87" count="4" type="cond" truecount="3" falsecount="0"/>
        <line num="89" count="47" type="cond" truecount="1" falsecount="0"/>
        <line num="90" count="6" type="stmt"/>
        <line num="91" count="6" type="stmt"/>
        <line num="92" count="6" type="stmt"/>
        <line num="94" count="6" type="stmt"/>
        <line num="95" count="6" type="cond" truecount="1" falsecount="0"/>
        <line num="96" count="2" type="stmt"/>
        <line num="97" count="2" type="stmt"/>
        <line num="98" count="6" type="cond" truecount="1" falsecount="0"/>
        <line num="99" count="1" type="stmt"/>
        <line num="100" count="1" type="stmt"/>
        <line num="101" count="6" type="cond" truecount="1" falsecount="0"/>
        <line num="102" count="2" type="stmt"/>
        <line num="103" count="2" type="stmt"/>
        <line num="104" count="6" type="cond" truecount="1" falsecount="0"/>
        <line num="105" count="1" type="stmt"/>
        <line num="106" count="1" type="stmt"/>
        <line num="107" count="6" type="stmt"/>
        <line num="108" count="6" type="stmt"/>
        <line num="110" count="47" type="cond" truecount="1" falsecount="0"/>
        <line num="111" count="4" type="stmt"/>
        <line num="112" count="4" type="stmt"/>
        <line num="113" count="4" type="stmt"/>
        <line num="114" count="4" type="stmt"/>
        <line num="115" count="4" type="cond" truecount="0" falsecount="1"/>
        <line num="116" count="0" type="stmt"/>
        <line num="117" count="0" type="stmt"/>
        <line num="118" count="4" type="stmt"/>
        <line num="119" count="4" type="stmt"/>
        <line num="120" count="4" type="stmt"/>
        <line num="122" count="47" type="cond" truecount="1" falsecount="0"/>
        <line num="123" count="1" type="stmt"/>
        <line num="124" count="1" type="stmt"/>
        <line num="125" count="1" type="stmt"/>
        <line num="126" count="1" type="stmt"/>
        <line num="128" count="47" type="cond" truecount="1" falsecount="0"/>
        <line num="129" count="1" type="stmt"/>
        <line num="130" count="1" type="stmt"/>
        <line num="131" count="1" type="stmt"/>
        <line num="133" count="47" type="cond" truecount="1" falsecount="0"/>
        <line num="134" count="1" type="stmt"/>
        <line num="135" count="1" type="stmt"/>
        <line num="136" count="1" type="stmt"/>
        <line num="138" count="47" type="stmt"/>
        <line num="139" count="47" type="stmt"/>
        <line num="140" count="47" type="stmt"/>
        <line num="141" count="47" type="stmt"/>
        <line num="142" count="47" type="stmt"/>
        <line num="143" count="47" type="stmt"/>
        <line num="144" count="47" type="stmt"/>
        <line num="146" count="47" type="stmt"/>
        <line num="147" count="47" type="stmt"/>
        <line num="149" count="47" type="stmt"/>
        <line num="150" count="47" type="stmt"/>
        <line num="152" count="47" type="stmt"/>
        <line num="153" count="47" type="stmt"/>
        <line num="154" count="47" type="stmt"/>
        <line num="155" count="47" type="stmt"/>
        <line num="156" count="47" type="cond" truecount="1" falsecount="0"/>
        <line num="157" count="47" type="stmt"/>
        <line num="159" count="47" type="stmt"/>
        <line num="161" count="47" type="stmt"/>
        <line num="162" count="47" type="stmt"/>
        <line num="163" count="47" type="stmt"/>
        <line num="164" count="47" type="cond" truecount="1" falsecount="0"/>
        <line num="165" count="47" type="stmt"/>
        <line num="167" count="47" type="stmt"/>
        <line num="168" count="47" type="stmt"/>
        <line num="169" count="47" type="stmt"/>
        <line num="170" count="47" type="stmt"/>
        <line num="171" count="47" type="cond" truecount="1" falsecount="0"/>
        <line num="172" count="47" type="stmt"/>
        <line num="174" count="47" type="stmt"/>
        <line num="175" count="47" type="stmt"/>
        <line num="176" count="47" type="stmt"/>
        <line num="177" count="47" type="stmt"/>
        <line num="178" count="47" type="cond" truecount="1" falsecount="0"/>
        <line num="179" count="47" type="stmt"/>
        <line num="181" count="47" type="stmt"/>
        <line num="182" count="47" type="stmt"/>
        <line num="183" count="47" type="stmt"/>
        <line num="184" count="47" type="stmt"/>
        <line num="185" count="47" type="cond" truecount="1" falsecount="0"/>
        <line num="186" count="47" type="stmt"/>
        <line num="188" count="47" type="stmt"/>
        <line num="190" count="47" type="stmt"/>
        <line num="191" count="47" type="stmt"/>
        <line num="192" count="47" type="stmt"/>
        <line num="193" count="47" type="stmt"/>
        <line num="194" count="47" type="stmt"/>
        <line num="196" count="47" type="stmt"/>
        <line num="197" count="47" type="stmt"/>
        <line num="198" count="47" type="stmt"/>
        <line num="199" count="47" type="stmt"/>
        <line num="200" count="47" type="cond" truecount="1" falsecount="0"/>
        <line num="201" count="47" type="stmt"/>
        <line num="203" count="47" type="stmt"/>
        <line num="204" count="47" type="stmt"/>
        <line num="205" count="47" type="stmt"/>
        <line num="206" count="47" type="stmt"/>
        <line num="207" count="47" type="stmt"/>
        <line num="208" count="47" type="stmt"/>
        <line num="210" count="47" type="stmt"/>
        <line num="211" count="47" type="stmt"/>
        <line num="212" count="47" type="stmt"/>
        <line num="213" count="47" type="stmt"/>
        <line num="214" count="47" type="cond" truecount="1" falsecount="0"/>
        <line num="215" count="47" type="stmt"/>
        <line num="217" count="47" type="stmt"/>
        <line num="219" count="47" type="stmt"/>
        <line num="220" count="47" type="stmt"/>
        <line num="221" count="47" type="stmt"/>
        <line num="222" count="47" type="cond" truecount="1" falsecount="0"/>
        <line num="223" count="47" type="stmt"/>
        <line num="225" count="47" type="stmt"/>
        <line num="226" count="47" type="stmt"/>
        <line num="227" count="47" type="stmt"/>
        <line num="228" count="47" type="stmt"/>
        <line num="229" count="47" type="cond" truecount="1" falsecount="0"/>
        <line num="230" count="47" type="stmt"/>
        <line num="232" count="47" type="stmt"/>
        <line num="233" count="47" type="stmt"/>
        <line num="234" count="47" type="stmt"/>
        <line num="235" count="47" type="stmt"/>
        <line num="236" count="47" type="cond" truecount="1" falsecount="0"/>
        <line num="237" count="47" type="stmt"/>
        <line num="239" count="47" type="stmt"/>
        <line num="240" count="47" type="stmt"/>
        <line num="241" count="47" type="stmt"/>
        <line num="242" count="47" type="stmt"/>
        <line num="243" count="47" type="cond" truecount="1" falsecount="0"/>
        <line num="244" count="47" type="stmt"/>
        <line num="246" count="47" type="stmt"/>
        <line num="248" count="47" type="stmt"/>
        <line num="249" count="47" type="stmt"/>
        <line num="250" count="47" type="stmt"/>
        <line num="251" count="47" type="cond" truecount="1" falsecount="0"/>
        <line num="252" count="47" type="stmt"/>
        <line num="254" count="47" type="stmt"/>
        <line num="255" count="47" type="stmt"/>
        <line num="256" count="47" type="stmt"/>
        <line num="257" count="47" type="stmt"/>
        <line num="258" count="47" type="cond" truecount="1" falsecount="0"/>
        <line num="259" count="47" type="stmt"/>
        <line num="261" count="47" type="stmt"/>
        <line num="262" count="47" type="stmt"/>
        <line num="264" count="47" type="stmt"/>
        <line num="265" count="47" type="stmt"/>
        <line num="266" count="47" type="stmt"/>
        <line num="268" count="47" type="stmt"/>
      </file>
    </package>
  </project>
</coverage>
