{"C:\\Users\\yasir\\OneDrive\\Desktop\\react-calculator\\src\\App.tsx": {"path":"C:\\Users\\yasir\\OneDrive\\Desktop\\react-calculator\\src\\App.tsx","all":false,"statementMap":{"0":{"start":{"line":1,"column":0},"end":{"line":1,"column":19}},"1":{"start":{"line":2,"column":0},"end":{"line":2,"column":49}},"3":{"start":{"line":4,"column":0},"end":{"line":4,"column":16}},"4":{"start":{"line":5,"column":0},"end":{"line":5,"column":10}},"5":{"start":{"line":6,"column":0},"end":{"line":6,"column":9}},"6":{"start":{"line":7,"column":0},"end":{"line":7,"column":20}},"7":{"start":{"line":8,"column":0},"end":{"line":8,"column":10}},"9":{"start":{"line":10,"column":0},"end":{"line":10,"column":1}},"11":{"start":{"line":12,"column":0},"end":{"line":12,"column":19}}},"s":{"0":1,"1":1,"3":1,"4":1,"5":1,"6":1,"7":1,"9":1,"11":1},"branchMap":{"0":{"type":"branch","line":4,"loc":{"start":{"line":4,"column":0},"end":{"line":10,"column":1}},"locations":[{"start":{"line":4,"column":0},"end":{"line":10,"column":1}}]}},"b":{"0":[1]},"fnMap":{"0":{"name":"App","decl":{"start":{"line":4,"column":0},"end":{"line":10,"column":1}},"loc":{"start":{"line":4,"column":0},"end":{"line":10,"column":1}},"line":4}},"f":{"0":1}}
,"C:\\Users\\yasir\\OneDrive\\Desktop\\react-calculator\\src\\components\\Calculator.tsx": {"path":"C:\\Users\\yasir\\OneDrive\\Desktop\\react-calculator\\src\\components\\Calculator.tsx","all":false,"statementMap":{"1":{"start":{"line":2,"column":0},"end":{"line":2,"column":33}},"3":{"start":{"line":4,"column":0},"end":{"line":4,"column":34}},"5":{"start":{"line":6,"column":0},"end":{"line":6,"column":39}},"6":{"start":{"line":7,"column":0},"end":{"line":7,"column":29}},"8":{"start":{"line":9,"column":0},"end":{"line":9,"column":38}},"9":{"start":{"line":10,"column":0},"end":{"line":10,"column":46}},"10":{"start":{"line":11,"column":0},"end":{"line":11,"column":61}},"11":{"start":{"line":12,"column":0},"end":{"line":12,"column":51}},"13":{"start":{"line":14,"column":0},"end":{"line":14,"column":41}},"14":{"start":{"line":15,"column":0},"end":{"line":15,"column":53}},"15":{"start":{"line":16,"column":0},"end":{"line":16,"column":20}},"16":{"start":{"line":17,"column":0},"end":{"line":17,"column":24}},"17":{"start":{"line":18,"column":0},"end":{"line":18,"column":25}},"18":{"start":{"line":19,"column":0},"end":{"line":19,"column":14}},"19":{"start":{"line":20,"column":0},"end":{"line":20,"column":24}},"20":{"start":{"line":21,"column":0},"end":{"line":21,"column":7}},"21":{"start":{"line":22,"column":0},"end":{"line":22,"column":26}},"22":{"start":{"line":23,"column":0},"end":{"line":23,"column":12}},"23":{"start":{"line":24,"column":0},"end":{"line":24,"column":24}},"24":{"start":{"line":25,"column":0},"end":{"line":25,"column":42}},"25":{"start":{"line":26,"column":0},"end":{"line":26,"column":34}},"26":{"start":{"line":27,"column":0},"end":{"line":27,"column":35}},"27":{"start":{"line":28,"column":0},"end":{"line":28,"column":24}},"28":{"start":{"line":29,"column":0},"end":{"line":29,"column":14}},"29":{"start":{"line":30,"column":0},"end":{"line":30,"column":34}},"30":{"start":{"line":31,"column":0},"end":{"line":31,"column":7}},"31":{"start":{"line":32,"column":0},"end":{"line":32,"column":5}},"32":{"start":{"line":33,"column":0},"end":{"line":33,"column":4}},"34":{"start":{"line":35,"column":0},"end":{"line":35,"column":42}},"35":{"start":{"line":36,"column":0},"end":{"line":36,"column":33}},"36":{"start":{"line":37,"column":0},"end":{"line":37,"column":42}},"39":{"start":{"line":40,"column":0},"end":{"line":40,"column":8}},"40":{"start":{"line":41,"column":0},"end":{"line":41,"column":35}},"41":{"start":{"line":42,"column":0},"end":{"line":42,"column":65}},"42":{"start":{"line":43,"column":0},"end":{"line":43,"column":7}},"43":{"start":{"line":44,"column":0},"end":{"line":44,"column":39}},"44":{"start":{"line":45,"column":0},"end":{"line":45,"column":5}},"47":{"start":{"line":48,"column":0},"end":{"line":48,"column":8}},"48":{"start":{"line":49,"column":0},"end":{"line":49,"column":33}},"49":{"start":{"line":50,"column":0},"end":{"line":50,"column":65}},"50":{"start":{"line":51,"column":0},"end":{"line":51,"column":7}},"51":{"start":{"line":52,"column":0},"end":{"line":52,"column":51}},"52":{"start":{"line":53,"column":0},"end":{"line":53,"column":12}},"53":{"start":{"line":54,"column":0},"end":{"line":54,"column":29}},"54":{"start":{"line":55,"column":0},"end":{"line":55,"column":5}},"56":{"start":{"line":57,"column":0},"end":{"line":57,"column":33}},"57":{"start":{"line":58,"column":0},"end":{"line":58,"column":23}},"58":{"start":{"line":59,"column":0},"end":{"line":59,"column":4}},"60":{"start":{"line":61,"column":0},"end":{"line":61,"column":60}},"61":{"start":{"line":62,"column":0},"end":{"line":62,"column":32}},"62":{"start":{"line":63,"column":0},"end":{"line":63,"column":29}},"64":{"start":{"line":65,"column":0},"end":{"line":65,"column":31}},"65":{"start":{"line":66,"column":0},"end":{"line":66,"column":38}},"66":{"start":{"line":67,"column":0},"end":{"line":67,"column":39}},"67":{"start":{"line":68,"column":0},"end":{"line":68,"column":14}},"68":{"start":{"line":69,"column":0},"end":{"line":69,"column":15}},"69":{"start":{"line":70,"column":0},"end":{"line":70,"column":27}},"70":{"start":{"line":71,"column":0},"end":{"line":71,"column":68}},"71":{"start":{"line":72,"column":0},"end":{"line":72,"column":11}},"72":{"start":{"line":73,"column":0},"end":{"line":73,"column":38}},"73":{"start":{"line":74,"column":0},"end":{"line":74,"column":9}},"74":{"start":{"line":75,"column":0},"end":{"line":75,"column":24}},"75":{"start":{"line":76,"column":0},"end":{"line":76,"column":7}},"76":{"start":{"line":77,"column":0},"end":{"line":77,"column":7}},"78":{"start":{"line":79,"column":0},"end":{"line":79,"column":28}},"79":{"start":{"line":80,"column":0},"end":{"line":80,"column":34}},"80":{"start":{"line":81,"column":0},"end":{"line":81,"column":5}},"82":{"start":{"line":83,"column":0},"end":{"line":83,"column":21}},"83":{"start":{"line":84,"column":0},"end":{"line":84,"column":4}},"85":{"start":{"line":86,"column":0},"end":{"line":86,"column":47}},"86":{"start":{"line":87,"column":0},"end":{"line":87,"column":37}},"88":{"start":{"line":89,"column":0},"end":{"line":89,"column":63}},"89":{"start":{"line":90,"column":0},"end":{"line":90,"column":28}},"90":{"start":{"line":91,"column":0},"end":{"line":91,"column":28}},"91":{"start":{"line":92,"column":0},"end":{"line":92,"column":26}},"93":{"start":{"line":94,"column":0},"end":{"line":94,"column":17}},"94":{"start":{"line":95,"column":0},"end":{"line":95,"column":15}},"95":{"start":{"line":96,"column":0},"end":{"line":96,"column":27}},"96":{"start":{"line":97,"column":0},"end":{"line":97,"column":14}},"97":{"start":{"line":98,"column":0},"end":{"line":98,"column":15}},"98":{"start":{"line":99,"column":0},"end":{"line":99,"column":27}},"99":{"start":{"line":100,"column":0},"end":{"line":100,"column":14}},"100":{"start":{"line":101,"column":0},"end":{"line":101,"column":15}},"101":{"start":{"line":102,"column":0},"end":{"line":102,"column":27}},"102":{"start":{"line":103,"column":0},"end":{"line":103,"column":14}},"103":{"start":{"line":104,"column":0},"end":{"line":104,"column":15}},"104":{"start":{"line":105,"column":0},"end":{"line":105,"column":27}},"105":{"start":{"line":106,"column":0},"end":{"line":106,"column":14}},"106":{"start":{"line":107,"column":0},"end":{"line":107,"column":5}},"107":{"start":{"line":108,"column":0},"end":{"line":108,"column":4}},"109":{"start":{"line":110,"column":0},"end":{"line":110,"column":27}},"110":{"start":{"line":111,"column":0},"end":{"line":111,"column":53}},"111":{"start":{"line":112,"column":0},"end":{"line":112,"column":9}},"112":{"start":{"line":113,"column":0},"end":{"line":113,"column":57}},"113":{"start":{"line":114,"column":0},"end":{"line":114,"column":36}},"114":{"start":{"line":115,"column":0},"end":{"line":115,"column":13}},"115":{"start":{"line":116,"column":0},"end":{"line":116,"column":26}},"116":{"start":{"line":117,"column":0},"end":{"line":117,"column":5}},"117":{"start":{"line":118,"column":0},"end":{"line":118,"column":22}},"118":{"start":{"line":119,"column":0},"end":{"line":119,"column":23}},"119":{"start":{"line":120,"column":0},"end":{"line":120,"column":4}},"121":{"start":{"line":122,"column":0},"end":{"line":122,"column":29}},"122":{"start":{"line":123,"column":0},"end":{"line":123,"column":20}},"123":{"start":{"line":124,"column":0},"end":{"line":124,"column":22}},"124":{"start":{"line":125,"column":0},"end":{"line":125,"column":23}},"125":{"start":{"line":126,"column":0},"end":{"line":126,"column":4}},"127":{"start":{"line":128,"column":0},"end":{"line":128,"column":34}},"128":{"start":{"line":129,"column":0},"end":{"line":129,"column":38}},"129":{"start":{"line":130,"column":0},"end":{"line":130,"column":41}},"130":{"start":{"line":131,"column":0},"end":{"line":131,"column":4}},"132":{"start":{"line":133,"column":0},"end":{"line":133,"column":33}},"133":{"start":{"line":134,"column":0},"end":{"line":134,"column":38}},"134":{"start":{"line":135,"column":0},"end":{"line":135,"column":40}},"135":{"start":{"line":136,"column":0},"end":{"line":136,"column":4}},"137":{"start":{"line":138,"column":0},"end":{"line":138,"column":10}},"138":{"start":{"line":139,"column":0},"end":{"line":139,"column":57}},"139":{"start":{"line":140,"column":0},"end":{"line":140,"column":53}},"140":{"start":{"line":141,"column":0},"end":{"line":141,"column":17}},"141":{"start":{"line":142,"column":0},"end":{"line":142,"column":12}},"142":{"start":{"line":143,"column":0},"end":{"line":143,"column":31}},"143":{"start":{"line":144,"column":0},"end":{"line":144,"column":73}},"145":{"start":{"line":146,"column":0},"end":{"line":146,"column":17}},"146":{"start":{"line":147,"column":0},"end":{"line":147,"column":77}},"148":{"start":{"line":149,"column":0},"end":{"line":149,"column":17}},"149":{"start":{"line":150,"column":0},"end":{"line":150,"column":78}},"151":{"start":{"line":152,"column":0},"end":{"line":152,"column":17}},"152":{"start":{"line":153,"column":0},"end":{"line":153,"column":15}},"153":{"start":{"line":154,"column":0},"end":{"line":154,"column":23}},"154":{"start":{"line":155,"column":0},"end":{"line":155,"column":30}},"155":{"start":{"line":156,"column":0},"end":{"line":156,"column":45}},"156":{"start":{"line":157,"column":0},"end":{"line":157,"column":9}},"158":{"start":{"line":159,"column":0},"end":{"line":159,"column":17}},"160":{"start":{"line":161,"column":0},"end":{"line":161,"column":15}},"161":{"start":{"line":162,"column":0},"end":{"line":162,"column":23}},"162":{"start":{"line":163,"column":0},"end":{"line":163,"column":28}},"163":{"start":{"line":164,"column":0},"end":{"line":164,"column":43}},"164":{"start":{"line":165,"column":0},"end":{"line":165,"column":9}},"166":{"start":{"line":167,"column":0},"end":{"line":167,"column":17}},"167":{"start":{"line":168,"column":0},"end":{"line":168,"column":15}},"168":{"start":{"line":169,"column":0},"end":{"line":169,"column":23}},"169":{"start":{"line":170,"column":0},"end":{"line":170,"column":28}},"170":{"start":{"line":171,"column":0},"end":{"line":171,"column":43}},"171":{"start":{"line":172,"column":0},"end":{"line":172,"column":9}},"173":{"start":{"line":174,"column":0},"end":{"line":174,"column":17}},"174":{"start":{"line":175,"column":0},"end":{"line":175,"column":15}},"175":{"start":{"line":176,"column":0},"end":{"line":176,"column":23}},"176":{"start":{"line":177,"column":0},"end":{"line":177,"column":28}},"177":{"start":{"line":178,"column":0},"end":{"line":178,"column":43}},"178":{"start":{"line":179,"column":0},"end":{"line":179,"column":9}},"180":{"start":{"line":181,"column":0},"end":{"line":181,"column":17}},"181":{"start":{"line":182,"column":0},"end":{"line":182,"column":15}},"182":{"start":{"line":183,"column":0},"end":{"line":183,"column":23}},"183":{"start":{"line":184,"column":0},"end":{"line":184,"column":30}},"184":{"start":{"line":185,"column":0},"end":{"line":185,"column":45}},"185":{"start":{"line":186,"column":0},"end":{"line":186,"column":9}},"187":{"start":{"line":188,"column":0},"end":{"line":188,"column":17}},"189":{"start":{"line":190,"column":0},"end":{"line":190,"column":15}},"190":{"start":{"line":191,"column":0},"end":{"line":191,"column":23}},"191":{"start":{"line":192,"column":0},"end":{"line":192,"column":28}},"192":{"start":{"line":193,"column":0},"end":{"line":193,"column":43}},"193":{"start":{"line":194,"column":0},"end":{"line":194,"column":9}},"195":{"start":{"line":196,"column":0},"end":{"line":196,"column":17}},"196":{"start":{"line":197,"column":0},"end":{"line":197,"column":15}},"197":{"start":{"line":198,"column":0},"end":{"line":198,"column":23}},"198":{"start":{"line":199,"column":0},"end":{"line":199,"column":28}},"199":{"start":{"line":200,"column":0},"end":{"line":200,"column":43}},"200":{"start":{"line":201,"column":0},"end":{"line":201,"column":9}},"202":{"start":{"line":203,"column":0},"end":{"line":203,"column":17}},"203":{"start":{"line":204,"column":0},"end":{"line":204,"column":15}},"204":{"start":{"line":205,"column":0},"end":{"line":205,"column":23}},"205":{"start":{"line":206,"column":0},"end":{"line":206,"column":28}},"206":{"start":{"line":207,"column":0},"end":{"line":207,"column":43}},"207":{"start":{"line":208,"column":0},"end":{"line":208,"column":9}},"209":{"start":{"line":210,"column":0},"end":{"line":210,"column":17}},"210":{"start":{"line":211,"column":0},"end":{"line":211,"column":15}},"211":{"start":{"line":212,"column":0},"end":{"line":212,"column":23}},"212":{"start":{"line":213,"column":0},"end":{"line":213,"column":30}},"213":{"start":{"line":214,"column":0},"end":{"line":214,"column":45}},"214":{"start":{"line":215,"column":0},"end":{"line":215,"column":9}},"216":{"start":{"line":217,"column":0},"end":{"line":217,"column":17}},"218":{"start":{"line":219,"column":0},"end":{"line":219,"column":15}},"219":{"start":{"line":220,"column":0},"end":{"line":220,"column":23}},"220":{"start":{"line":221,"column":0},"end":{"line":221,"column":28}},"221":{"start":{"line":222,"column":0},"end":{"line":222,"column":43}},"222":{"start":{"line":223,"column":0},"end":{"line":223,"column":9}},"224":{"start":{"line":225,"column":0},"end":{"line":225,"column":17}},"225":{"start":{"line":226,"column":0},"end":{"line":226,"column":15}},"226":{"start":{"line":227,"column":0},"end":{"line":227,"column":23}},"227":{"start":{"line":228,"column":0},"end":{"line":228,"column":28}},"228":{"start":{"line":229,"column":0},"end":{"line":229,"column":43}},"229":{"start":{"line":230,"column":0},"end":{"line":230,"column":9}},"231":{"start":{"line":232,"column":0},"end":{"line":232,"column":17}},"232":{"start":{"line":233,"column":0},"end":{"line":233,"column":15}},"233":{"start":{"line":234,"column":0},"end":{"line":234,"column":23}},"234":{"start":{"line":235,"column":0},"end":{"line":235,"column":28}},"235":{"start":{"line":236,"column":0},"end":{"line":236,"column":43}},"236":{"start":{"line":237,"column":0},"end":{"line":237,"column":9}},"238":{"start":{"line":239,"column":0},"end":{"line":239,"column":17}},"239":{"start":{"line":240,"column":0},"end":{"line":240,"column":15}},"240":{"start":{"line":241,"column":0},"end":{"line":241,"column":23}},"241":{"start":{"line":242,"column":0},"end":{"line":242,"column":30}},"242":{"start":{"line":243,"column":0},"end":{"line":243,"column":45}},"243":{"start":{"line":244,"column":0},"end":{"line":244,"column":9}},"245":{"start":{"line":246,"column":0},"end":{"line":246,"column":17}},"247":{"start":{"line":248,"column":0},"end":{"line":248,"column":15}},"248":{"start":{"line":249,"column":0},"end":{"line":249,"column":23}},"249":{"start":{"line":250,"column":0},"end":{"line":250,"column":33}},"250":{"start":{"line":251,"column":0},"end":{"line":251,"column":43}},"251":{"start":{"line":252,"column":0},"end":{"line":252,"column":9}},"253":{"start":{"line":254,"column":0},"end":{"line":254,"column":17}},"254":{"start":{"line":255,"column":0},"end":{"line":255,"column":15}},"255":{"start":{"line":256,"column":0},"end":{"line":256,"column":23}},"256":{"start":{"line":257,"column":0},"end":{"line":257,"column":28}},"257":{"start":{"line":258,"column":0},"end":{"line":258,"column":43}},"258":{"start":{"line":259,"column":0},"end":{"line":259,"column":9}},"260":{"start":{"line":261,"column":0},"end":{"line":261,"column":17}},"261":{"start":{"line":262,"column":0},"end":{"line":262,"column":71}},"263":{"start":{"line":264,"column":0},"end":{"line":264,"column":17}},"264":{"start":{"line":265,"column":0},"end":{"line":265,"column":12}},"265":{"start":{"line":266,"column":0},"end":{"line":266,"column":10}},"267":{"start":{"line":268,"column":0},"end":{"line":268,"column":1}}},"s":{"1":1,"3":1,"5":1,"6":1,"8":47,"9":47,"10":47,"11":47,"13":47,"14":22,"15":22,"16":16,"17":1,"18":16,"19":15,"20":15,"21":16,"22":22,"23":6,"24":1,"25":1,"26":6,"27":1,"28":5,"29":4,"30":4,"31":6,"32":22,"34":47,"35":6,"36":6,"39":6,"40":6,"41":2,"42":6,"43":6,"44":6,"47":6,"48":6,"49":6,"50":6,"51":0,"52":6,"53":6,"54":6,"56":6,"57":6,"58":6,"60":47,"61":4,"62":4,"64":4,"65":16,"66":10,"67":16,"68":6,"69":6,"70":2,"71":6,"72":1,"73":1,"74":6,"75":6,"76":4,"78":4,"79":5,"80":5,"82":4,"83":4,"85":47,"86":4,"88":47,"89":6,"90":6,"91":6,"93":6,"94":6,"95":2,"96":2,"97":6,"98":1,"99":1,"100":6,"101":2,"102":2,"103":6,"104":1,"105":1,"106":6,"107":6,"109":47,"110":4,"111":4,"112":4,"113":4,"114":4,"115":0,"116":0,"117":4,"118":4,"119":4,"121":47,"122":1,"123":1,"124":1,"125":1,"127":47,"128":1,"129":1,"130":1,"132":47,"133":1,"134":1,"135":1,"137":47,"138":47,"139":47,"140":47,"141":47,"142":47,"143":47,"145":47,"146":47,"148":47,"149":47,"151":47,"152":47,"153":47,"154":47,"155":47,"156":47,"158":47,"160":47,"161":47,"162":47,"163":47,"164":47,"166":47,"167":47,"168":47,"169":47,"170":47,"171":47,"173":47,"174":47,"175":47,"176":47,"177":47,"178":47,"180":47,"181":47,"182":47,"183":47,"184":47,"185":47,"187":47,"189":47,"190":47,"191":47,"192":47,"193":47,"195":47,"196":47,"197":47,"198":47,"199":47,"200":47,"202":47,"203":47,"204":47,"205":47,"206":47,"207":47,"209":47,"210":47,"211":47,"212":47,"213":47,"214":47,"216":47,"218":47,"219":47,"220":47,"221":47,"222":47,"224":47,"225":47,"226":47,"227":47,"228":47,"229":47,"231":47,"232":47,"233":47,"234":47,"235":47,"236":47,"238":47,"239":47,"240":47,"241":47,"242":47,"243":47,"245":47,"247":47,"248":47,"249":47,"250":47,"251":47,"253":47,"254":47,"255":47,"256":47,"257":47,"258":47,"260":47,"261":47,"263":47,"264":47,"265":47,"267":47},"branchMap":{"0":{"type":"branch","line":9,"loc":{"start":{"line":9,"column":0},"end":{"line":268,"column":1}},"locations":[{"start":{"line":9,"column":0},"end":{"line":268,"column":1}}]},"1":{"type":"branch","line":14,"loc":{"start":{"line":14,"column":23},"end":{"line":33,"column":4}},"locations":[{"start":{"line":14,"column":23},"end":{"line":33,"column":4}}]},"2":{"type":"branch","line":15,"loc":{"start":{"line":15,"column":46},"end":{"line":15,"column":53}},"locations":[{"start":{"line":15,"column":46},"end":{"line":15,"column":53}}]},"3":{"type":"branch","line":16,"loc":{"start":{"line":16,"column":19},"end":{"line":23,"column":11}},"locations":[{"start":{"line":16,"column":19},"end":{"line":23,"column":11}}]},"4":{"type":"branch","line":17,"loc":{"start":{"line":17,"column":23},"end":{"line":19,"column":13}},"locations":[{"start":{"line":17,"column":23},"end":{"line":19,"column":13}}]},"5":{"type":"branch","line":19,"loc":{"start":{"line":19,"column":6},"end":{"line":21,"column":7}},"locations":[{"start":{"line":19,"column":6},"end":{"line":21,"column":7}}]},"6":{"type":"branch","line":23,"loc":{"start":{"line":23,"column":4},"end":{"line":32,"column":5}},"locations":[{"start":{"line":23,"column":4},"end":{"line":32,"column":5}}]},"7":{"type":"branch","line":24,"loc":{"start":{"line":24,"column":23},"end":{"line":27,"column":17}},"locations":[{"start":{"line":24,"column":23},"end":{"line":27,"column":17}}]},"8":{"type":"branch","line":25,"loc":{"start":{"line":25,"column":35},"end":{"line":25,"column":42}},"locations":[{"start":{"line":25,"column":35},"end":{"line":25,"column":42}}]},"9":{"type":"branch","line":27,"loc":{"start":{"line":27,"column":6},"end":{"line":31,"column":7}},"locations":[{"start":{"line":27,"column":6},"end":{"line":31,"column":7}}]},"10":{"type":"branch","line":27,"loc":{"start":{"line":27,"column":34},"end":{"line":29,"column":13}},"locations":[{"start":{"line":27,"column":34},"end":{"line":29,"column":13}}]},"11":{"type":"branch","line":29,"loc":{"start":{"line":29,"column":6},"end":{"line":31,"column":7}},"locations":[{"start":{"line":29,"column":6},"end":{"line":31,"column":7}}]},"12":{"type":"branch","line":35,"loc":{"start":{"line":35,"column":25},"end":{"line":59,"column":4}},"locations":[{"start":{"line":35,"column":25},"end":{"line":59,"column":4}}]},"13":{"type":"branch","line":41,"loc":{"start":{"line":41,"column":31},"end":{"line":42,"column":65}},"locations":[{"start":{"line":41,"column":31},"end":{"line":42,"column":65}}]},"14":{"type":"branch","line":51,"loc":{"start":{"line":51,"column":6},"end":{"line":53,"column":11}},"locations":[{"start":{"line":51,"column":6},"end":{"line":53,"column":11}}]},"15":{"type":"branch","line":61,"loc":{"start":{"line":61,"column":29},"end":{"line":84,"column":4}},"locations":[{"start":{"line":61,"column":29},"end":{"line":84,"column":4}}]},"16":{"type":"branch","line":79,"loc":{"start":{"line":79,"column":27},"end":{"line":81,"column":5}},"locations":[{"start":{"line":79,"column":27},"end":{"line":81,"column":5}}]},"17":{"type":"branch","line":65,"loc":{"start":{"line":65,"column":19},"end":{"line":77,"column":5}},"locations":[{"start":{"line":65,"column":19},"end":{"line":77,"column":5}}]},"18":{"type":"branch","line":66,"loc":{"start":{"line":66,"column":37},"end":{"line":68,"column":13}},"locations":[{"start":{"line":66,"column":37},"end":{"line":68,"column":13}}]},"19":{"type":"branch","line":68,"loc":{"start":{"line":68,"column":6},"end":{"line":76,"column":7}},"locations":[{"start":{"line":68,"column":6},"end":{"line":76,"column":7}}]},"20":{"type":"branch","line":70,"loc":{"start":{"line":70,"column":23},"end":{"line":71,"column":68}},"locations":[{"start":{"line":70,"column":23},"end":{"line":71,"column":68}}]},"21":{"type":"branch","line":72,"loc":{"start":{"line":72,"column":10},"end":{"line":74,"column":9}},"locations":[{"start":{"line":72,"column":10},"end":{"line":74,"column":9}}]},"22":{"type":"branch","line":86,"loc":{"start":{"line":86,"column":24},"end":{"line":87,"column":37}},"locations":[{"start":{"line":86,"column":24},"end":{"line":87,"column":37}}]},"23":{"type":"branch","line":87,"loc":{"start":{"line":87,"column":11},"end":{"line":87,"column":31}},"locations":[{"start":{"line":87,"column":11},"end":{"line":87,"column":31}}]},"24":{"type":"branch","line":87,"loc":{"start":{"line":87,"column":25},"end":{"line":87,"column":35}},"locations":[{"start":{"line":87,"column":25},"end":{"line":87,"column":35}}]},"25":{"type":"branch","line":87,"loc":{"start":{"line":87,"column":31},"end":{"line":87,"column":37}},"locations":[{"start":{"line":87,"column":31},"end":{"line":87,"column":37}}]},"26":{"type":"branch","line":89,"loc":{"start":{"line":89,"column":25},"end":{"line":108,"column":4}},"locations":[{"start":{"line":89,"column":25},"end":{"line":108,"column":4}}]},"27":{"type":"branch","line":95,"loc":{"start":{"line":95,"column":6},"end":{"line":97,"column":14}},"locations":[{"start":{"line":95,"column":6},"end":{"line":97,"column":14}}]},"28":{"type":"branch","line":98,"loc":{"start":{"line":98,"column":6},"end":{"line":100,"column":14}},"locations":[{"start":{"line":98,"column":6},"end":{"line":100,"column":14}}]},"29":{"type":"branch","line":101,"loc":{"start":{"line":101,"column":6},"end":{"line":103,"column":14}},"locations":[{"start":{"line":101,"column":6},"end":{"line":103,"column":14}}]},"30":{"type":"branch","line":104,"loc":{"start":{"line":104,"column":6},"end":{"line":106,"column":14}},"locations":[{"start":{"line":104,"column":6},"end":{"line":106,"column":14}}]},"31":{"type":"branch","line":110,"loc":{"start":{"line":110,"column":20},"end":{"line":120,"column":4}},"locations":[{"start":{"line":110,"column":20},"end":{"line":120,"column":4}}]},"32":{"type":"branch","line":115,"loc":{"start":{"line":115,"column":4},"end":{"line":117,"column":5}},"locations":[{"start":{"line":115,"column":4},"end":{"line":117,"column":5}}]},"33":{"type":"branch","line":122,"loc":{"start":{"line":122,"column":22},"end":{"line":126,"column":4}},"locations":[{"start":{"line":122,"column":22},"end":{"line":126,"column":4}}]},"34":{"type":"branch","line":128,"loc":{"start":{"line":128,"column":27},"end":{"line":131,"column":4}},"locations":[{"start":{"line":128,"column":27},"end":{"line":131,"column":4}}]},"35":{"type":"branch","line":133,"loc":{"start":{"line":133,"column":26},"end":{"line":136,"column":4}},"locations":[{"start":{"line":133,"column":26},"end":{"line":136,"column":4}}]},"36":{"type":"branch","line":156,"loc":{"start":{"line":156,"column":19},"end":{"line":156,"column":45}},"locations":[{"start":{"line":156,"column":19},"end":{"line":156,"column":45}}]},"37":{"type":"branch","line":164,"loc":{"start":{"line":164,"column":19},"end":{"line":164,"column":43}},"locations":[{"start":{"line":164,"column":19},"end":{"line":164,"column":43}}]},"38":{"type":"branch","line":171,"loc":{"start":{"line":171,"column":19},"end":{"line":171,"column":43}},"locations":[{"start":{"line":171,"column":19},"end":{"line":171,"column":43}}]},"39":{"type":"branch","line":178,"loc":{"start":{"line":178,"column":19},"end":{"line":178,"column":43}},"locations":[{"start":{"line":178,"column":19},"end":{"line":178,"column":43}}]},"40":{"type":"branch","line":185,"loc":{"start":{"line":185,"column":19},"end":{"line":185,"column":45}},"locations":[{"start":{"line":185,"column":19},"end":{"line":185,"column":45}}]},"41":{"type":"branch","line":200,"loc":{"start":{"line":200,"column":19},"end":{"line":200,"column":43}},"locations":[{"start":{"line":200,"column":19},"end":{"line":200,"column":43}}]},"42":{"type":"branch","line":214,"loc":{"start":{"line":214,"column":19},"end":{"line":214,"column":45}},"locations":[{"start":{"line":214,"column":19},"end":{"line":214,"column":45}}]},"43":{"type":"branch","line":222,"loc":{"start":{"line":222,"column":19},"end":{"line":222,"column":43}},"locations":[{"start":{"line":222,"column":19},"end":{"line":222,"column":43}}]},"44":{"type":"branch","line":229,"loc":{"start":{"line":229,"column":19},"end":{"line":229,"column":43}},"locations":[{"start":{"line":229,"column":19},"end":{"line":229,"column":43}}]},"45":{"type":"branch","line":236,"loc":{"start":{"line":236,"column":19},"end":{"line":236,"column":43}},"locations":[{"start":{"line":236,"column":19},"end":{"line":236,"column":43}}]},"46":{"type":"branch","line":243,"loc":{"start":{"line":243,"column":19},"end":{"line":243,"column":45}},"locations":[{"start":{"line":243,"column":19},"end":{"line":243,"column":45}}]},"47":{"type":"branch","line":251,"loc":{"start":{"line":251,"column":19},"end":{"line":251,"column":43}},"locations":[{"start":{"line":251,"column":19},"end":{"line":251,"column":43}}]},"48":{"type":"branch","line":258,"loc":{"start":{"line":258,"column":19},"end":{"line":258,"column":43}},"locations":[{"start":{"line":258,"column":19},"end":{"line":258,"column":43}}]}},"b":{"0":[47],"1":[22],"2":[0],"3":[16],"4":[1],"5":[15],"6":[6],"7":[1],"8":[0],"9":[5],"10":[1],"11":[4],"12":[6],"13":[2],"14":[0],"15":[4],"16":[5],"17":[16],"18":[10],"19":[6],"20":[2],"21":[1],"22":[4],"23":[2],"24":[2],"25":[2],"26":[6],"27":[2],"28":[1],"29":[2],"30":[1],"31":[4],"32":[0],"33":[1],"34":[1],"35":[1],"36":[1],"37":[1],"38":[1],"39":[1],"40":[2],"41":[7],"42":[1],"43":[1],"44":[3],"45":[2],"46":[2],"47":[4],"48":[2]},"fnMap":{"0":{"name":"Calculator","decl":{"start":{"line":9,"column":0},"end":{"line":268,"column":1}},"loc":{"start":{"line":9,"column":0},"end":{"line":268,"column":1}},"line":9},"1":{"name":"handleNumber","decl":{"start":{"line":14,"column":23},"end":{"line":33,"column":4}},"loc":{"start":{"line":14,"column":23},"end":{"line":33,"column":4}},"line":14},"2":{"name":"handleOperator","decl":{"start":{"line":35,"column":25},"end":{"line":59,"column":4}},"loc":{"start":{"line":35,"column":25},"end":{"line":59,"column":4}},"line":35},"3":{"name":"evaluateExpression","decl":{"start":{"line":61,"column":29},"end":{"line":84,"column":4}},"loc":{"start":{"line":61,"column":29},"end":{"line":84,"column":4}},"line":61},"4":{"name":"getPrecedence","decl":{"start":{"line":86,"column":24},"end":{"line":87,"column":37}},"loc":{"start":{"line":86,"column":24},"end":{"line":87,"column":37}},"line":86},"5":{"name":"applyOperation","decl":{"start":{"line":89,"column":25},"end":{"line":108,"column":4}},"loc":{"start":{"line":89,"column":25},"end":{"line":108,"column":4}},"line":89},"6":{"name":"calculate","decl":{"start":{"line":110,"column":20},"end":{"line":120,"column":4}},"loc":{"start":{"line":110,"column":20},"end":{"line":120,"column":4}},"line":110},"7":{"name":"handleClear","decl":{"start":{"line":122,"column":22},"end":{"line":126,"column":4}},"loc":{"start":{"line":122,"column":22},"end":{"line":126,"column":4}},"line":122},"8":{"name":"handlePercentage","decl":{"start":{"line":128,"column":27},"end":{"line":131,"column":4}},"loc":{"start":{"line":128,"column":27},"end":{"line":131,"column":4}},"line":128},"9":{"name":"handlePlusMinus","decl":{"start":{"line":133,"column":26},"end":{"line":136,"column":4}},"loc":{"start":{"line":133,"column":26},"end":{"line":136,"column":4}},"line":133},"10":{"name":"onClick","decl":{"start":{"line":156,"column":19},"end":{"line":156,"column":45}},"loc":{"start":{"line":156,"column":19},"end":{"line":156,"column":45}},"line":156},"11":{"name":"onClick","decl":{"start":{"line":164,"column":19},"end":{"line":164,"column":43}},"loc":{"start":{"line":164,"column":19},"end":{"line":164,"column":43}},"line":164},"12":{"name":"onClick","decl":{"start":{"line":171,"column":19},"end":{"line":171,"column":43}},"loc":{"start":{"line":171,"column":19},"end":{"line":171,"column":43}},"line":171},"13":{"name":"onClick","decl":{"start":{"line":178,"column":19},"end":{"line":178,"column":43}},"loc":{"start":{"line":178,"column":19},"end":{"line":178,"column":43}},"line":178},"14":{"name":"onClick","decl":{"start":{"line":185,"column":19},"end":{"line":185,"column":45}},"loc":{"start":{"line":185,"column":19},"end":{"line":185,"column":45}},"line":185},"15":{"name":"onClick","decl":{"start":{"line":193,"column":19},"end":{"line":193,"column":43}},"loc":{"start":{"line":193,"column":19},"end":{"line":193,"column":43}},"line":193},"16":{"name":"onClick","decl":{"start":{"line":200,"column":19},"end":{"line":200,"column":43}},"loc":{"start":{"line":200,"column":19},"end":{"line":200,"column":43}},"line":200},"17":{"name":"onClick","decl":{"start":{"line":207,"column":19},"end":{"line":207,"column":43}},"loc":{"start":{"line":207,"column":19},"end":{"line":207,"column":43}},"line":207},"18":{"name":"onClick","decl":{"start":{"line":214,"column":19},"end":{"line":214,"column":45}},"loc":{"start":{"line":214,"column":19},"end":{"line":214,"column":45}},"line":214},"19":{"name":"onClick","decl":{"start":{"line":222,"column":19},"end":{"line":222,"column":43}},"loc":{"start":{"line":222,"column":19},"end":{"line":222,"column":43}},"line":222},"20":{"name":"onClick","decl":{"start":{"line":229,"column":19},"end":{"line":229,"column":43}},"loc":{"start":{"line":229,"column":19},"end":{"line":229,"column":43}},"line":229},"21":{"name":"onClick","decl":{"start":{"line":236,"column":19},"end":{"line":236,"column":43}},"loc":{"start":{"line":236,"column":19},"end":{"line":236,"column":43}},"line":236},"22":{"name":"onClick","decl":{"start":{"line":243,"column":19},"end":{"line":243,"column":45}},"loc":{"start":{"line":243,"column":19},"end":{"line":243,"column":45}},"line":243},"23":{"name":"onClick","decl":{"start":{"line":251,"column":19},"end":{"line":251,"column":43}},"loc":{"start":{"line":251,"column":19},"end":{"line":251,"column":43}},"line":251},"24":{"name":"onClick","decl":{"start":{"line":258,"column":19},"end":{"line":258,"column":43}},"loc":{"start":{"line":258,"column":19},"end":{"line":258,"column":43}},"line":258}},"f":{"0":47,"1":22,"2":6,"3":4,"4":4,"5":6,"6":4,"7":1,"8":1,"9":1,"10":1,"11":1,"12":1,"13":1,"14":2,"15":0,"16":7,"17":0,"18":1,"19":1,"20":3,"21":2,"22":2,"23":4,"24":2}}
}
